<?xml version="1.0" encoding="UTF-8"?>
<!-- Generated by org.testng.reporters.JUnitReportReporter -->
<testsuite hostname="ATUL" failures="0" tests="9" name="page_test_cases.TC_5_ViewBagPage" time="23.958" errors="0" timestamp="2023-08-06T23:35:02 IST" skipped="5">
  <testcase classname="page_test_cases.TC_5_ViewBagPage" name="VerifyAddCart" time="11.629"/>
  <system-out/>
  <testcase classname="page_test_cases.TC_5_ViewBagPage" name="AddCart" time="2.333"/>
  <system-out/>
  <testcase classname="page_test_cases.TC_5_ViewBagPage" name="AddCartClick" time="0.102"/>
  <system-out/>
  <testcase classname="page_test_cases.TC_5_ViewBagPage" name="checkout" time="9.894"/>
  <system-out/>
  <testcase classname="page_test_cases.TC_5_ViewBagPage" name="Your_Cart">
    <skipped/>
  </testcase> <!-- Your_Cart -->
  <system-out/>
  <testcase classname="page_test_cases.TC_5_ViewBagPage" name="update_quantity">
    <skipped/>
  </testcase> <!-- update_quantity -->
  <system-out/>
  <testcase classname="page_test_cases.TC_5_ViewBagPage" name="Total">
    <skipped/>
  </testcase> <!-- Total -->
  <system-out/>
  <testcase classname="page_test_cases.TC_5_ViewBagPage" name="ViewBagButton">
    <skipped/>
  </testcase> <!-- ViewBagButton -->
  <system-out/>
  <testcase classname="page_test_cases.TC_5_ViewBagPage" name="quantity">
    <skipped/>
  </testcase> <!-- quantity -->
  <system-out/>
</testsuite> <!-- page_test_cases.TC_5_ViewBagPage -->
