<?xml version="1.0" encoding="UTF-8"?>
<!-- Generated by org.testng.reporters.JUnitReportReporter -->
<testsuite hostname="ATUL" failures="0" tests="6" name="page_test_cases.TC_3_Register_SignUp" time="14.443" errors="0" timestamp="2023-08-07T17:08:44 IST" skipped="0">
  <testcase classname="page_test_cases.TC_3_Register_SignUp" name="A_LaunchedBaseURL" time="1.853"/>
  <system-out/>
  <testcase classname="page_test_cases.TC_3_Register_SignUp" name="B_HandleNewsletterPopup" time="6.157"/>
  <system-out/>
  <testcase classname="page_test_cases.TC_3_Register_SignUp" name="C_NavigateToUserProfile" time="2.487"/>
  <system-out/>
  <testcase classname="page_test_cases.TC_3_Register_SignUp" name="D_NavigateToSignUp" time="1.029"/>
  <system-out/>
  <testcase classname="page_test_cases.TC_3_Register_SignUp" name="TC_Verify_CustomerSignUp_ForAlready_Registered_Customer" time="2.103"/>
  <system-out/>
  <testcase classname="page_test_cases.TC_3_Register_SignUp" name="TC_Validating_NavigationOf_SignInpage_from_SignUpPage" time="0.814"/>
  <system-out/>
</testsuite> <!-- page_test_cases.TC_3_Register_SignUp -->
