<?xml version="1.0" encoding="UTF-8"?>
<!-- Generated by org.testng.reporters.JUnitReportReporter -->
<testsuite hostname="ATUL" failures="0" tests="6" name="page_test_cases.TS5_CheckoutBilling_Payment_ConfirmOrder_test" time="30.906" errors="0" timestamp="2023-08-07T00:04:34 IST" skipped="0">
  <testcase classname="page_test_cases.TS5_CheckoutBilling_Payment_ConfirmOrder_test" name="A_LaunchedBaseURL" time="1.963"/>
  <system-out/>
  <testcase classname="page_test_cases.TS5_CheckoutBilling_Payment_ConfirmOrder_test" name="AddingElementToCart" time="9.861"/>
  <system-out/>
  <testcase classname="page_test_cases.TS5_CheckoutBilling_Payment_ConfirmOrder_test" name="BillingAndShippingPage" time="6.332"/>
  <system-out/>
  <testcase classname="page_test_cases.TS5_CheckoutBilling_Payment_ConfirmOrder_test" name="PaymentOptionsPageWithoutoupencode" time="3.918"/>
  <system-out/>
  <testcase classname="page_test_cases.TS5_CheckoutBilling_Payment_ConfirmOrder_test" name="ReviewAndConfirmPage" time="6.212"/>
  <system-out/>
  <testcase classname="page_test_cases.TS5_CheckoutBilling_Payment_ConfirmOrder_test" name="ConfirmOrderpage" time="2.620"/>
  <system-out/>
</testsuite> <!-- page_test_cases.TS5_CheckoutBilling_Payment_ConfirmOrder_test -->
