<?xml version="1.0" encoding="UTF-8"?>
<!-- Generated by org.testng.reporters.JUnitReportReporter -->
<testsuite hostname="ATUL" failures="0" tests="5" name="com.bookart.testcases.TC_4_Login_Test" time="75.054" errors="0" timestamp="2023-09-06T09:20:51 IST" skipped="1">
  <testcase classname="com.bookart.testcases.TC_4_Login_Test" name="TC_Login_Verify_LoginPageURL" time="8.024"/>
  <system-out/>
  <testcase classname="com.bookart.testcases.TC_4_Login_Test" name="TC_Login_Validate_LoginPagetitle" time="1.000"/>
  <system-out/>
  <testcase classname="com.bookart.testcases.TC_4_Login_Test" name="TC_Login_Verify_Entering_wrong_password_and_login_will_Show_Error_message" time="3.019"/>
  <system-out/>
  <testcase classname="com.bookart.testcases.TC_4_Login_Test" name="TC_Login_Verify_Valid_Login_Credentials" time="63.011"/>
  <system-out/>
  <testcase classname="com.bookart.testcases.TC_4_Login_Test" name="TC_Login_Verify_Entering_wrong_Email_and_login_will_Show_Error_message">
    <skipped/>
  </testcase> <!-- TC_Login_Verify_Entering_wrong_Email_and_login_will_Show_Error_message -->
  <system-out/>
</testsuite> <!-- com.bookart.testcases.TC_4_Login_Test -->
