<?xml version="1.0" encoding="UTF-8"?>
<!-- Generated by org.testng.reporters.JUnitReportReporter -->
<testsuite hostname="ATUL" failures="0" tests="1" name="com.bookart.testcases.TC_5_SearchPage" time="8.237" errors="0" timestamp="2023-08-08T20:17:03 IST" skipped="0">
  <testcase classname="com.bookart.testcases.TC_5_SearchPage" name="verifySearchPage" time="8.237"/>
  <system-out/>
</testsuite> <!-- com.bookart.testcases.TC_5_SearchPage -->
