<?xml version="1.0" encoding="UTF-8"?>
<!-- Generated by org.testng.reporters.JUnitReportReporter -->
<testsuite hostname="ATUL" failures="0" tests="1" name="page_test_cases.TC_5_SearchPage" time="8.752" errors="0" timestamp="2023-08-07T17:08:44 IST" skipped="0">
  <testcase classname="page_test_cases.TC_5_SearchPage" name="verifySearchPage" time="8.752"/>
  <system-out/>
</testsuite> <!-- page_test_cases.TC_5_SearchPage -->
