<?xml version="1.0" encoding="UTF-8"?>
<!-- Generated by org.testng.reporters.JUnitReportReporter -->
<testsuite hostname="ATUL" failures="0" tests="5" name="page_test_cases.T_AddtoCart_Test" time="97.751" errors="0" timestamp="2023-08-07T16:19:00 IST" skipped="0">
  <testcase classname="page_test_cases.T_AddtoCart_Test" name="addCart" time="8.594"/>
  <system-out/>
  <testcase classname="page_test_cases.T_AddtoCart_Test" name="addmultipleCart" time="42.166"/>
  <system-out/>
  <testcase classname="page_test_cases.T_AddtoCart_Test" name="outOfStock" time="30.980"/>
  <system-out/>
  <testcase classname="page_test_cases.T_AddtoCart_Test" name="removeIteam" time="12.116"/>
  <system-out/>
  <testcase classname="page_test_cases.T_AddtoCart_Test" name="emptyCart" time="3.895"/>
  <system-out/>
</testsuite> <!-- page_test_cases.T_AddtoCart_Test -->
