<?xml version="1.0" encoding="UTF-8"?>
<!-- Generated by org.testng.reporters.JUnitReportReporter -->
<testsuite hostname="ATUL" failures="0" tests="1" name="page_test_cases.TC_02SearchPage" time="8.357" errors="0" timestamp="2023-08-06T21:08:41 IST" skipped="0">
  <testcase classname="page_test_cases.TC_02SearchPage" name="verifySearchPage" time="8.357"/>
  <system-out/>
</testsuite> <!-- page_test_cases.TC_02SearchPage -->
