<?xml version="1.0" encoding="UTF-8"?>
<!-- Generated by org.testng.reporters.JUnitReportReporter -->
<testsuite hostname="ATUL" failures="0" tests="9" name="page_test_cases.TS7_ViewBagPage" time="18.880" errors="0" timestamp="2023-08-06T20:50:31 IST" skipped="2">
  <testcase classname="page_test_cases.TS7_ViewBagPage" name="AddCart" time="1.666"/>
  <system-out/>
  <testcase classname="page_test_cases.TS7_ViewBagPage" name="VerifyAddCart" time="6.795"/>
  <system-out/>
  <testcase classname="page_test_cases.TS7_ViewBagPage" name="ViewBagButton" time="3.361"/>
  <system-out/>
  <testcase classname="page_test_cases.TS7_ViewBagPage" name="AddCartClick" time="0.103"/>
  <system-out/>
  <testcase classname="page_test_cases.TS7_ViewBagPage" name="Your_Cart" time="0.382"/>
  <system-out/>
  <testcase classname="page_test_cases.TS7_ViewBagPage" name="quantity" time="2.347"/>
  <system-out/>
  <testcase classname="page_test_cases.TS7_ViewBagPage" name="checkout" time="4.226"/>
  <system-out/>
  <testcase classname="page_test_cases.TS7_ViewBagPage" name="update_quantity">
    <skipped/>
  </testcase> <!-- update_quantity -->
  <system-out/>
  <testcase classname="page_test_cases.TS7_ViewBagPage" name="Total">
    <skipped/>
  </testcase> <!-- Total -->
  <system-out/>
</testsuite> <!-- page_test_cases.TS7_ViewBagPage -->
