<?xml version="1.0" encoding="UTF-8"?>
<!-- Generated by org.testng.reporters.JUnitReportReporter -->
<testsuite hostname="ATUL" failures="0" tests="5" name="com.bookart.testcases.TC_7_AddtoCart_Test" time="56.372" errors="0" timestamp="2023-08-08T20:17:03 IST" skipped="0">
  <testcase classname="com.bookart.testcases.TC_7_AddtoCart_Test" name="addCart" time="5.753"/>
  <system-out/>
  <testcase classname="com.bookart.testcases.TC_7_AddtoCart_Test" name="addmultipleCart" time="4.307"/>
  <system-out/>
  <testcase classname="com.bookart.testcases.TC_7_AddtoCart_Test" name="outOfStock" time="38.354"/>
  <system-out/>
  <testcase classname="com.bookart.testcases.TC_7_AddtoCart_Test" name="removeIteam" time="4.960"/>
  <system-out/>
  <testcase classname="com.bookart.testcases.TC_7_AddtoCart_Test" name="emptyCart" time="2.998"/>
  <system-out/>
</testsuite> <!-- com.bookart.testcases.TC_7_AddtoCart_Test -->
