<?xml version="1.0" encoding="UTF-8"?>
<!-- Generated by org.testng.reporters.JUnitReportReporter -->
<testsuite hostname="ATUL" failures="0" tests="9" name="com.bookart.testcases.TC_6_ViewBagPage" time="8.610" errors="0" timestamp="2023-08-09T08:27:51 IST" skipped="2">
  <testcase classname="com.bookart.testcases.TC_6_ViewBagPage" name="AddCart" time="0.984"/>
  <system-out/>
  <testcase classname="com.bookart.testcases.TC_6_ViewBagPage" name="VerifyAddCart" time="1.757"/>
  <system-out/>
  <testcase classname="com.bookart.testcases.TC_6_ViewBagPage" name="AddCartClick" time="0.147"/>
  <system-out/>
  <testcase classname="com.bookart.testcases.TC_6_ViewBagPage" name="ViewBagButton" time="1.579"/>
  <system-out/>
  <testcase classname="com.bookart.testcases.TC_6_ViewBagPage" name="Your_Cart" time="0.315"/>
  <system-out/>
  <testcase classname="com.bookart.testcases.TC_6_ViewBagPage" name="quantity" time="2.220"/>
  <system-out/>
  <testcase classname="com.bookart.testcases.TC_6_ViewBagPage" name="update_quantity" time="1.608"/>
  <system-out/>
  <testcase classname="com.bookart.testcases.TC_6_ViewBagPage" name="Total">
    <skipped/>
  </testcase> <!-- Total -->
  <system-out/>
  <testcase classname="com.bookart.testcases.TC_6_ViewBagPage" name="checkout">
    <skipped/>
  </testcase> <!-- checkout -->
  <system-out/>
</testsuite> <!-- com.bookart.testcases.TC_6_ViewBagPage -->
