<?xml version="1.0" encoding="UTF-8"?>
<!-- Generated by org.testng.reporters.JUnitReportReporter -->
<testsuite hostname="ATUL" failures="0" tests="6" name="page_test_cases.TC_8_CheckoutBilling_Payment_ConfirmOrder_test" time="25.089" errors="0" timestamp="2023-08-07T17:08:44 IST" skipped="0">
  <testcase classname="page_test_cases.TC_8_CheckoutBilling_Payment_ConfirmOrder_test" name="AddingElementToCart" time="9.297"/>
  <system-out/>
  <testcase classname="page_test_cases.TC_8_CheckoutBilling_Payment_ConfirmOrder_test" name="A_LaunchedBaseURL" time="1.434"/>
  <system-out/>
  <testcase classname="page_test_cases.TC_8_CheckoutBilling_Payment_ConfirmOrder_test" name="BillingAndShippingPage" time="4.799"/>
  <system-out/>
  <testcase classname="page_test_cases.TC_8_CheckoutBilling_Payment_ConfirmOrder_test" name="PaymentOptionsPageWithoutoupencode" time="3.129"/>
  <system-out/>
  <testcase classname="page_test_cases.TC_8_CheckoutBilling_Payment_ConfirmOrder_test" name="ReviewAndConfirmPage" time="4.781"/>
  <system-out/>
  <testcase classname="page_test_cases.TC_8_CheckoutBilling_Payment_ConfirmOrder_test" name="ConfirmOrderpage" time="1.649"/>
  <system-out/>
</testsuite> <!-- page_test_cases.TC_8_CheckoutBilling_Payment_ConfirmOrder_test -->
