<?xml version="1.0" encoding="UTF-8"?>
<!-- Generated by org.testng.reporters.JUnitReportReporter -->
<testsuite hostname="ATUL" failures="0" tests="2" name="page_test_cases.TC_0_BaseClass" time="5.162" errors="0" timestamp="2023-08-08T00:19:18 IST" skipped="0">
  <testcase classname="page_test_cases.TC_0_BaseClass" name="A_LaunchedBaseURL" time="5.146"/>
  <system-out/>
  <testcase classname="page_test_cases.TC_0_BaseClass" name="HandleNewsletterPopup" time="0.016"/>
  <system-out/>
</testsuite> <!-- page_test_cases.TC_0_BaseClass -->
