<?xml version="1.0" encoding="UTF-8"?>
<!-- Generated by org.testng.reporters.JUnitReportReporter -->
<testsuite hostname="ATUL" failures="0" tests="7" name="page_test_cases.TC_4_UiHomemodel" time="51.410" errors="0" timestamp="2023-08-06T18:44:30 IST" skipped="0">
  <testcase classname="page_test_cases.TC_4_UiHomemodel" name="A_LaunchedBaseURL" time="2.857"/>
  <system-out/>
  <testcase classname="page_test_cases.TC_4_UiHomemodel" name="verifybookbtn" time="5.280"/>
  <system-out/>
  <testcase classname="page_test_cases.TC_4_UiHomemodel" name="currentAffairs" time="6.504"/>
  <system-out/>
  <testcase classname="page_test_cases.TC_4_UiHomemodel" name="drishti" time="12.315"/>
  <system-out/>
  <testcase classname="page_test_cases.TC_4_UiHomemodel" name="maheshkumar" time="5.386"/>
  <system-out/>
  <testcase classname="page_test_cases.TC_4_UiHomemodel" name="thevision" time="4.748"/>
  <system-out/>
  <testcase classname="page_test_cases.TC_4_UiHomemodel" name="whatsappIcon" time="14.320"/>
  <system-out/>
</testsuite> <!-- page_test_cases.TC_4_UiHomemodel -->
