<?xml version="1.0" encoding="UTF-8"?>
<!-- Generated by org.testng.reporters.JUnitReportReporter -->
<testsuite hostname="ATUL" failures="0" tests="9" name="com.bookart.testcases.TC_2_UiHomePage" time="59.298" errors="0" timestamp="2023-08-08T20:17:03 IST" skipped="0">
  <testcase classname="com.bookart.testcases.TC_2_UiHomePage" name="TC_Verify_LaunchedBaseURL" time="2.937"/>
  <system-out/>
  <testcase classname="com.bookart.testcases.TC_2_UiHomePage" name="A_LaunchedBaseURL" time="3.750"/>
  <system-out/>
  <testcase classname="com.bookart.testcases.TC_2_UiHomePage" name="verifybookbtn" time="6.723"/>
  <system-out/>
  <testcase classname="com.bookart.testcases.TC_2_UiHomePage" name="TC_Verify_to_HandleNewsletterPopup" time="6.227"/>
  <system-out/>
  <testcase classname="com.bookart.testcases.TC_2_UiHomePage" name="currentAffairs" time="8.821"/>
  <system-out/>
  <testcase classname="com.bookart.testcases.TC_2_UiHomePage" name="drishti" time="12.155"/>
  <system-out/>
  <testcase classname="com.bookart.testcases.TC_2_UiHomePage" name="maheshkumar" time="4.674"/>
  <system-out/>
  <testcase classname="com.bookart.testcases.TC_2_UiHomePage" name="thevision" time="5.750"/>
  <system-out/>
  <testcase classname="com.bookart.testcases.TC_2_UiHomePage" name="whatsappIcon" time="8.261"/>
  <system-out/>
</testsuite> <!-- com.bookart.testcases.TC_2_UiHomePage -->
