<?xml version="1.0" encoding="UTF-8"?>
<!-- Generated by org.testng.reporters.JUnitReportReporter -->
<testsuite hostname="ATUL" failures="0" tests="6" name="page_test_cases.TC_2_Register_SignUp1" time="20.951" errors="0" timestamp="2023-08-06T23:12:38 IST" skipped="0">
  <testcase classname="page_test_cases.TC_2_Register_SignUp1" name="A_LaunchedBaseURL" time="2.306"/>
  <system-out/>
  <testcase classname="page_test_cases.TC_2_Register_SignUp1" name="B_HandleNewsletterPopup" time="6.331"/>
  <system-out/>
  <testcase classname="page_test_cases.TC_2_Register_SignUp1" name="C_NavigateToUserProfile" time="2.575"/>
  <system-out/>
  <testcase classname="page_test_cases.TC_2_Register_SignUp1" name="D_NavigateToSignUp" time="1.671"/>
  <system-out/>
  <testcase classname="page_test_cases.TC_2_Register_SignUp1" name="TC_Verify_CustomerSignUp_ForAlready_Registered_Customer" time="6.049"/>
  <system-out/>
  <testcase classname="page_test_cases.TC_2_Register_SignUp1" name="TC_Validating_NavigationOf_SignInpage_from_SignUpPage" time="2.019"/>
  <system-out/>
</testsuite> <!-- page_test_cases.TC_2_Register_SignUp1 -->
