<?xml version="1.0" encoding="UTF-8"?>
<!-- Generated by org.testng.reporters.JUnitReportReporter -->
<testsuite hostname="ATUL" failures="0" tests="7" name="page_test_cases.TC_1_UiHomePage" time="116.773" errors="0" timestamp="2023-08-06T23:35:02 IST" skipped="0">
  <testcase classname="page_test_cases.TC_1_UiHomePage" name="A_LaunchedBaseURL" time="14.328"/>
  <system-out/>
  <testcase classname="page_test_cases.TC_1_UiHomePage" name="verifybookbtn" time="12.199"/>
  <system-out/>
  <testcase classname="page_test_cases.TC_1_UiHomePage" name="currentAffairs" time="27.621"/>
  <system-out/>
  <testcase classname="page_test_cases.TC_1_UiHomePage" name="drishti" time="16.947"/>
  <system-out/>
  <testcase classname="page_test_cases.TC_1_UiHomePage" name="maheshkumar" time="14.532"/>
  <system-out/>
  <testcase classname="page_test_cases.TC_1_UiHomePage" name="thevision" time="11.575"/>
  <system-out/>
  <testcase classname="page_test_cases.TC_1_UiHomePage" name="whatsappIcon" time="19.571"/>
  <system-out/>
</testsuite> <!-- page_test_cases.TC_1_UiHomePage -->
