<?xml version="1.0" encoding="UTF-8"?>
<!-- Generated by org.testng.reporters.JUnitReportReporter -->
<testsuite hostname="ATUL" failures="0" tests="7" name="page_test_cases.TS6_ViewsCartPage" time="18.647" errors="0" timestamp="2023-08-06T18:52:36 IST" skipped="0">
  <testcase classname="page_test_cases.TS6_ViewsCartPage" name="A_LaunchedBaseURL" time="3.033"/>
  <system-out/>
  <testcase classname="page_test_cases.TS6_ViewsCartPage" name="VerifyAddCart" time="7.311"/>
  <system-out/>
  <testcase classname="page_test_cases.TS6_ViewsCartPage" name="AddCartClick" time="0.130"/>
  <system-out/>
  <testcase classname="page_test_cases.TS6_ViewsCartPage" name="ViewBagButton" time="5.464"/>
  <system-out/>
  <testcase classname="page_test_cases.TS6_ViewsCartPage" name="Your_Cart" time="0.505"/>
  <system-out/>
  <testcase classname="page_test_cases.TS6_ViewsCartPage" name="quantity" time="0.253"/>
  <system-out/>
  <testcase classname="page_test_cases.TS6_ViewsCartPage" name="update_quantity" time="1.951"/>
  <system-out/>
</testsuite> <!-- page_test_cases.TS6_ViewsCartPage -->
