<?xml version="1.0" encoding="UTF-8"?>
<!-- Generated by org.testng.reporters.JUnitReportReporter -->
<testsuite hostname="ATUL" failures="0" tests="9" name="page_test_cases.TC_6_ViewBagPage" time="9.827" errors="0" timestamp="2023-08-07T17:08:44 IST" skipped="2">
  <testcase classname="page_test_cases.TC_6_ViewBagPage" name="VerifyAddCart" time="3.299"/>
  <system-out/>
  <testcase classname="page_test_cases.TC_6_ViewBagPage" name="AddCart" time="0.715"/>
  <system-out/>
  <testcase classname="page_test_cases.TC_6_ViewBagPage" name="ViewBagButton" time="1.632"/>
  <system-out/>
  <testcase classname="page_test_cases.TC_6_ViewBagPage" name="AddCartClick" time="0.060"/>
  <system-out/>
  <testcase classname="page_test_cases.TC_6_ViewBagPage" name="Your_Cart" time="0.210"/>
  <system-out/>
  <testcase classname="page_test_cases.TC_6_ViewBagPage" name="quantity" time="2.220"/>
  <system-out/>
  <testcase classname="page_test_cases.TC_6_ViewBagPage" name="update_quantity" time="1.691"/>
  <system-out/>
  <testcase classname="page_test_cases.TC_6_ViewBagPage" name="checkout">
    <skipped/>
  </testcase> <!-- checkout -->
  <system-out/>
  <testcase classname="page_test_cases.TC_6_ViewBagPage" name="Total">
    <skipped/>
  </testcase> <!-- Total -->
  <system-out/>
</testsuite> <!-- page_test_cases.TC_6_ViewBagPage -->
