<?xml version="1.0" encoding="UTF-8"?>
<!-- Generated by org.testng.reporters.JUnitReportReporter -->
<testsuite hostname="ATUL" failures="0" tests="6" name="page_test_cases.TC_2_Register_SignUp" time="24.621" errors="0" timestamp="2023-08-06T23:35:02 IST" skipped="0">
  <testcase classname="page_test_cases.TC_2_Register_SignUp" name="A_LaunchedBaseURL" time="6.544"/>
  <system-out/>
  <testcase classname="page_test_cases.TC_2_Register_SignUp" name="B_HandleNewsletterPopup" time="6.295"/>
  <system-out/>
  <testcase classname="page_test_cases.TC_2_Register_SignUp" name="C_NavigateToUserProfile" time="2.921"/>
  <system-out/>
  <testcase classname="page_test_cases.TC_2_Register_SignUp" name="D_NavigateToSignUp" time="2.656"/>
  <system-out/>
  <testcase classname="page_test_cases.TC_2_Register_SignUp" name="TC_Verify_CustomerSignUp_ForAlready_Registered_Customer" time="4.232"/>
  <system-out/>
  <testcase classname="page_test_cases.TC_2_Register_SignUp" name="TC_Validating_NavigationOf_SignInpage_from_SignUpPage" time="1.973"/>
  <system-out/>
</testsuite> <!-- page_test_cases.TC_2_Register_SignUp -->
