<?xml version="1.0" encoding="UTF-8"?>
<!-- Generated by org.testng.reporters.JUnitReportReporter -->
<testsuite hostname="ATUL" failures="0" tests="6" name="page_test_cases.TC_4_Login_Test" time="22.473" errors="0" timestamp="2023-08-07T17:08:44 IST" skipped="3">
  <testcase classname="page_test_cases.TC_4_Login_Test" name="LaunchedLoginURL" time="1.543"/>
  <system-out/>
  <testcase classname="page_test_cases.TC_4_Login_Test" name="Verify_RegCutomer_LoginAccount_ValidCredentials" time="15.338"/>
  <system-out/>
  <testcase classname="page_test_cases.TC_4_Login_Test" name="Verify_Newsletter_AfterLogin" time="5.592"/>
  <system-out/>
  <testcase classname="page_test_cases.TC_4_Login_Test" name="Verify_RegCutomer_Login_With_Google_ValidCredentials">
    <skipped/>
  </testcase> <!-- Verify_RegCutomer_Login_With_Google_ValidCredentials -->
  <system-out/>
  <testcase classname="page_test_cases.TC_4_Login_Test" name="EnterLoginDetails">
    <skipped/>
  </testcase> <!-- EnterLoginDetails -->
  <system-out/>
  <testcase classname="page_test_cases.TC_4_Login_Test" name="HandleNewsletterPopup">
    <skipped/>
  </testcase> <!-- HandleNewsletterPopup -->
  <system-out/>
</testsuite> <!-- page_test_cases.TC_4_Login_Test -->
