<?xml version="1.0" encoding="UTF-8"?>
<!-- Generated by org.testng.reporters.JUnitReportReporter -->
<testsuite hostname="ATUL" failures="0" tests="1" name="page_test_cases.TC_4_SearchPage" time="11.389" errors="0" timestamp="2023-08-06T23:35:02 IST" skipped="0">
  <testcase classname="page_test_cases.TC_4_SearchPage" name="verifySearchPage" time="11.389"/>
  <system-out/>
</testsuite> <!-- page_test_cases.TC_4_SearchPage -->
