<?xml version="1.0" encoding="UTF-8"?>
<!-- Generated by org.testng.reporters.JUnitReportReporter -->
<testsuite hostname="ATUL" failures="0" tests="5" name="com.bookart.testcases.TC_8_CheckoutBilling_Payment_ConfirmOrder_test" time="28.145" errors="0" timestamp="2023-08-08T20:17:03 IST" skipped="0">
  <testcase classname="com.bookart.testcases.TC_8_CheckoutBilling_Payment_ConfirmOrder_test" name="AddingElementToCart" time="11.269"/>
  <system-out/>
  <testcase classname="com.bookart.testcases.TC_8_CheckoutBilling_Payment_ConfirmOrder_test" name="BillingAndShippingPage" time="4.922"/>
  <system-out/>
  <testcase classname="com.bookart.testcases.TC_8_CheckoutBilling_Payment_ConfirmOrder_test" name="PaymentOptionsPageWithoutoupencode" time="3.765"/>
  <system-out/>
  <testcase classname="com.bookart.testcases.TC_8_CheckoutBilling_Payment_ConfirmOrder_test" name="ReviewAndConfirmPage" time="5.253"/>
  <system-out/>
  <testcase classname="com.bookart.testcases.TC_8_CheckoutBilling_Payment_ConfirmOrder_test" name="ConfirmOrderpage" time="2.936"/>
  <system-out/>
</testsuite> <!-- com.bookart.testcases.TC_8_CheckoutBilling_Payment_ConfirmOrder_test -->
