<?xml version="1.0" encoding="UTF-8"?>
<!-- Generated by org.testng.reporters.JUnitReportReporter -->
<testsuite hostname="ATUL" failures="0" tests="6" name="page_test_cases.TC_3_Login_Test" time="28.662" errors="0" timestamp="2023-08-06T23:35:02 IST" skipped="3">
  <testcase classname="page_test_cases.TC_3_Login_Test" name="LaunchedLoginURL" time="2.922"/>
  <system-out/>
  <testcase classname="page_test_cases.TC_3_Login_Test" name="Verify_RegCutomer_LoginAccount_ValidCredentials" time="19.460"/>
  <system-out/>
  <testcase classname="page_test_cases.TC_3_Login_Test" name="Verify_Newsletter_AfterLogin" time="6.280"/>
  <system-out/>
  <testcase classname="page_test_cases.TC_3_Login_Test" name="HandleNewsletterPopup">
    <skipped/>
  </testcase> <!-- HandleNewsletterPopup -->
  <system-out/>
  <testcase classname="page_test_cases.TC_3_Login_Test" name="Verify_RegCutomer_Login_With_Google_ValidCredentials">
    <skipped/>
  </testcase> <!-- Verify_RegCutomer_Login_With_Google_ValidCredentials -->
  <system-out/>
  <testcase classname="page_test_cases.TC_3_Login_Test" name="EnterLoginDetails">
    <skipped/>
  </testcase> <!-- EnterLoginDetails -->
  <system-out/>
</testsuite> <!-- page_test_cases.TC_3_Login_Test -->
