<?xml version="1.0" encoding="UTF-8"?>
<!-- Generated by org.testng.reporters.JUnitReportReporter -->
<testsuite hostname="ATUL" failures="0" tests="2" name="com.bookart.testcases.TC_1_BaseURl_HandleNewspopup" time="8.480" errors="0" timestamp="2023-08-08T01:04:39 IST" skipped="0">
  <testcase classname="com.bookart.testcases.TC_1_BaseURl_HandleNewspopup" name="TC_Verify_LaunchedBaseURL" time="2.714"/>
  <system-out/>
  <testcase classname="com.bookart.testcases.TC_1_BaseURl_HandleNewspopup" name="TC_Verify_to_HandleNewsletterPopup" time="5.766"/>
  <system-out/>
</testsuite> <!-- com.bookart.testcases.TC_1_BaseURl_HandleNewspopup -->
